<?xml version="1.0" encoding="UTF-8"?>
<Site BuildName="(empty)"
	BuildStamp="20231116-1330-Experimental"
	Name="(empty)"
	Generator="ctest-3.27.8"
	CompilerName=""
	CompilerVersion=""
	OSName="macOS"
	Hostname="Rurus-MacBook-Air.local"
	OSRelease="13.4.1"
	OSVersion="22F770820d"
	OSPlatform="x86_64"
	Is64Bits="1"
	VendorString="GenuineIntel"
	VendorID="Intel Corporation"
	FamilyID="6"
	ModelID="142"
	ProcessorCacheSize="32768"
	NumberOfLogicalCPU="4"
	NumberOfPhysicalCPU="2"
	TotalVirtualMemory="2048"
	TotalPhysicalMemory="8192"
	LogicalProcessorsPerPhysical="8"
	ProcessorClockFrequency="1600"
	>
	<Testing>
		<StartDateTime>Nov 16 16:30 EAT</StartDateTime>
		<StartTestTime>1700141410</StartTestTime>
		<TestList/>
		<EndDateTime>Nov 16 16:30 EAT</EndDateTime>
		<EndTestTime>1700141410</EndTestTime>
		<ElapsedMinutes>0</ElapsedMinutes>
	</Testing>
</Site>
